<?xml version="1.0" encoding="UTF-8"?>
<!-- Generated by org.testng.reporters.JUnitReportReporter -->
<testsuite hostname="SummerW-PC" name="gsApiTest.ApiTest"
	tests="2" failures="0" timestamp="2 Nov 2017 07:32:13 GMT" time="0.284"
	errors="0">
	<testcase name="ApiVersionTest" time="0.095" classname="gsApiTest.ApiTest" />
	<testcase name="CameraStatusTest" time="0.189" classname="gsApiTest.ApiTest" />
</testsuite> <!-- gsApiTest.ApiTest -->
