<?xml version="1.0" encoding="UTF-8"?>
<!-- Generated by org.testng.reporters.JUnitReportReporter -->
<testsuite hostname="SummerW-PC" name="com.gridsmart.clientTest.LoginTest" tests="1" failures="0" timestamp="10 Nov 2017 11:28:27 GMT" time="15.982" errors="0">
  <testcase name="loginCloud" time="15.982" classname="com.gridsmart.clientTest.LoginTest"/>
</testsuite> <!-- com.gridsmart.clientTest.LoginTest -->
