<?xml version="1.0" encoding="UTF-8"?>
<!-- Generated by org.testng.reporters.JUnitReportReporter -->
<testsuite hostname="SummerW-PC" name="com.gridsmart.cloud.LogInAndOutTest" tests="2" failures="0" timestamp="9 Nov 2017 10:15:19 GMT" time="36.794" errors="0">
  <testcase name="loginTest" time="22.720" classname="com.gridsmart.cloud.LogInAndOutTest"/>
  <testcase name="logoutTest" time="14.074" classname="com.gridsmart.cloud.LogInAndOutTest"/>
</testsuite> <!-- com.gridsmart.cloud.LogInAndOutTest -->
