<?xml version="1.0" encoding="UTF-8"?>
<!-- Generated by org.testng.reporters.JUnitReportReporter -->
<testsuite hostname="SummerW-PC" name="com.gridsmart.api.ApiTest" tests="2" failures="0" timestamp="10 Nov 2017 04:14:18 GMT" time="0.101" errors="0">
  <testcase name="ApiVersionTest" time="0.082" classname="com.gridsmart.api.ApiTest"/>
  <testcase name="CameraStatusTest" time="0.019" classname="com.gridsmart.api.ApiTest"/>
</testsuite> <!-- com.gridsmart.api.ApiTest -->
